2025-05-07T08:17:47.140Z [32minfo[39m: API Gateway is running on port 3000
2025-05-07T08:17:47.143Z [32minfo[39m: Identity is running on port http://localhost:3001
2025-05-07T08:17:47.143Z [32minfo[39m: Redis is running on port undefined
2025-05-07T11:02:32.784Z [32minfo[39m: API Gateway is running on port 3000
2025-05-07T11:02:32.786Z [32minfo[39m: Identity is running on port http://localhost:3001
2025-05-07T11:02:32.787Z [32minfo[39m: Redis is running on port undefined
2025-05-07T11:05:07.513Z [32minfo[39m: Recieved POST to /v1/auth/register
2025-05-07T11:05:07.513Z [32minfo[39m: Request body: [object Object]
2025-05-07T11:05:07.547Z [32minfo[39m: Response received from Identity service: 404
2025-05-07T11:46:50.112Z [32minfo[39m: Recieved POST to /v1/auth/register
2025-05-07T11:46:50.113Z [32minfo[39m: Request body: [object Object]
2025-05-07T11:46:50.119Z [32minfo[39m: Response received from Identity service: 404
2025-05-07T11:47:16.621Z [32minfo[39m: API Gateway is running on port 3000
2025-05-07T11:47:16.624Z [32minfo[39m: Identity is running on port http://localhost:3001
2025-05-07T11:47:16.624Z [32minfo[39m: Redis is running on port undefined
2025-05-07T11:47:18.789Z [32minfo[39m: Recieved POST to /v1/auth/register
2025-05-07T11:47:18.790Z [32minfo[39m: Request body: [object Object]
2025-05-07T11:47:18.798Z [32minfo[39m: Response received from Identity service: 404
2025-05-07T11:48:09.985Z [32minfo[39m: API Gateway is running on port 3000
2025-05-07T11:48:09.988Z [32minfo[39m: Identity is running on port http://localhost:3001
2025-05-07T11:48:09.988Z [32minfo[39m: Redis is running on port undefined
2025-05-07T11:48:16.780Z [32minfo[39m: Recieved POST to /v1/auth/register
2025-05-07T11:48:16.780Z [32minfo[39m: Request body: [object Object]
2025-05-07T11:48:16.788Z [32minfo[39m: Response received from Identity service: 404
2025-05-07T11:51:02.517Z [32minfo[39m: API Gateway is running on port 3000
2025-05-07T11:51:02.520Z [32minfo[39m: Identity is running on port http://localhost:3001
2025-05-07T11:51:02.520Z [32minfo[39m: Redis is running on port undefined
2025-05-07T11:51:04.495Z [32minfo[39m: Recieved POST to /v1/auth/register
2025-05-07T11:51:04.496Z [32minfo[39m: Request body: [object Object]
2025-05-07T11:51:04.504Z [32minfo[39m: Response received from Identity service: 404
2025-05-07T11:51:21.697Z [32minfo[39m: API Gateway is running on port 3000
2025-05-07T11:51:21.699Z [32minfo[39m: Identity is running on port http://localhost:3001
2025-05-07T11:51:21.700Z [32minfo[39m: Redis is running on port undefined
2025-05-07T11:51:25.204Z [32minfo[39m: Recieved POST to /v1/auth/register
2025-05-07T11:51:25.204Z [32minfo[39m: Request body: [object Object]
2025-05-07T11:51:25.213Z [32minfo[39m: Response received from Identity service: 404
2025-05-07T11:52:48.318Z [32minfo[39m: API Gateway is running on port 3000
2025-05-07T11:52:48.321Z [32minfo[39m: Identity is running on port http://localhost:3001
2025-05-07T11:52:48.321Z [32minfo[39m: Redis is running on port undefined
2025-05-07T11:52:50.758Z [32minfo[39m: Recieved POST to /v1/auth/register
2025-05-07T11:52:50.758Z [32minfo[39m: Request body: [object Object]
2025-05-07T11:52:50.760Z [32minfo[39m: Proxying request to: /api/auth/register
2025-05-07T11:52:51.369Z [32minfo[39m: Response received from Identity service: 201
2025-05-07T11:53:25.487Z [32minfo[39m: API Gateway is running on port 3000
2025-05-07T11:53:25.490Z [32minfo[39m: Identity is running on port http://localhost:3001
2025-05-07T11:53:25.490Z [32minfo[39m: Redis is running on port undefined
2025-05-07T11:53:28.369Z [32minfo[39m: Recieved POST to /v1/auth/register
2025-05-07T11:53:28.369Z [32minfo[39m: Request body: [object Object]
2025-05-07T11:53:28.370Z [32minfo[39m: Proxying request to: /api/auth/register
2025-05-07T11:53:28.593Z [32minfo[39m: Response received from Identity service: 400
2025-05-07T11:53:36.984Z [32minfo[39m: Recieved POST to /v1/auth/register
2025-05-07T11:53:36.984Z [32minfo[39m: Request body: [object Object]
2025-05-07T11:53:36.985Z [32minfo[39m: Proxying request to: /api/auth/register
2025-05-07T11:53:36.990Z [32minfo[39m: Response received from Identity service: 429
2025-05-07T11:54:24.144Z [32minfo[39m: Recieved POST to /v1/auth/register
2025-05-07T11:54:24.144Z [32minfo[39m: Request body: [object Object]
2025-05-07T11:54:24.145Z [32minfo[39m: Proxying request to: /api/auth/register
2025-05-07T11:54:24.148Z [32minfo[39m: Response received from Identity service: 429
2025-05-07T11:54:58.836Z [32minfo[39m: API Gateway is running on port 3000
2025-05-07T11:54:58.839Z [32minfo[39m: Identity is running on port http://localhost:3001
2025-05-07T11:54:58.839Z [32minfo[39m: Redis is running on port undefined
2025-05-07T11:55:02.670Z [32minfo[39m: Recieved POST to /v1/auth/register
2025-05-07T11:55:02.670Z [32minfo[39m: Request body: [object Object]
2025-05-07T11:55:02.672Z [32minfo[39m: Proxying request to: /api/auth/register
2025-05-07T11:55:03.564Z [32minfo[39m: Response received from Identity service: 201
2025-05-07T11:59:06.110Z [32minfo[39m: API Gateway is running on port 3000
2025-05-07T11:59:06.112Z [32minfo[39m: Identity is running on port http://localhost:3001
2025-05-07T11:59:06.113Z [32minfo[39m: Redis is running on port undefined
2025-05-07T11:59:18.900Z [32minfo[39m: API Gateway is running on port 3000
2025-05-07T11:59:18.902Z [32minfo[39m: Identity is running on port http://localhost:3001
2025-05-07T11:59:18.903Z [32minfo[39m: Redis is running on port undefined
2025-05-07T11:59:25.468Z [32minfo[39m: Recieved POST to /v1/auth/register
2025-05-07T11:59:25.468Z [32minfo[39m: Request body: [object Object]
2025-05-07T11:59:26.088Z [32minfo[39m: Response received from Identity service: 201
2025-05-07T13:31:32.240Z [32minfo[39m: API Gateway is running on port 3000
2025-05-07T13:31:32.243Z [32minfo[39m: Identity is running on port http://localhost:3001
2025-05-07T13:31:32.243Z [32minfo[39m: Redis is running on port undefined
2025-05-11T10:33:05.800Z [32minfo[39m: API Gateway is running on port 3000
2025-05-11T10:33:05.805Z [32minfo[39m: Identity is running on port http://localhost:3001
2025-05-11T10:33:05.805Z [32minfo[39m: Redis is running on port undefined
2025-05-12T06:56:31.945Z [32minfo[39m: API Gateway is running on port 3000
2025-05-12T06:56:31.948Z [32minfo[39m: Identity is running on port http://localhost:3001
2025-05-12T06:56:31.948Z [32minfo[39m: Redis is running on port undefined
2025-05-12T06:58:39.253Z [32minfo[39m: API Gateway is running on port 3000
2025-05-12T06:58:39.256Z [32minfo[39m: Identity is running on port http://localhost:3001
2025-05-12T06:58:39.256Z [32minfo[39m: Redis is running on port undefined
2025-05-12T06:59:05.201Z [32minfo[39m: API Gateway is running on port 3000
2025-05-12T06:59:05.204Z [32minfo[39m: Identity is running on port http://localhost:3001
2025-05-12T06:59:05.204Z [32minfo[39m: Redis is running on port undefined
2025-05-12T06:59:07.734Z [32minfo[39m: API Gateway is running on port 3000
2025-05-12T06:59:07.737Z [32minfo[39m: Identity is running on port http://localhost:3001
2025-05-12T06:59:07.737Z [32minfo[39m: Redis is running on port undefined
2025-05-12T07:00:44.472Z [32minfo[39m: API Gateway is running on port 3000
2025-05-12T07:00:44.475Z [32minfo[39m: Identity is running on port http://localhost:3001
2025-05-12T07:00:44.475Z [32minfo[39m: Redis is running on port undefined
2025-05-12T07:05:32.937Z [32minfo[39m: API Gateway is running on port 3000
2025-05-12T07:05:32.940Z [32minfo[39m: Identity is running on port http://localhost:3001
2025-05-12T07:05:32.940Z [32minfo[39m: Redis is running on port undefined
2025-05-12T07:06:25.004Z [32minfo[39m: API Gateway is running on port 3000
2025-05-12T07:06:25.007Z [32minfo[39m: Identity is running on port http://localhost:3001
2025-05-12T07:06:25.007Z [32minfo[39m: Post is running on port http://localhost:3002
2025-05-12T07:06:25.007Z [32minfo[39m: Redis is running on port undefined
2025-05-12T07:07:48.281Z [32minfo[39m: API Gateway is running on port 3000
2025-05-12T07:07:48.284Z [32minfo[39m: Identity is running on port http://localhost:3001
2025-05-12T07:07:48.284Z [32minfo[39m: Post is running on port http://localhost:3002
2025-05-12T07:07:48.284Z [32minfo[39m: Redis is running on port redis://localhost:6379
2025-05-12T07:50:15.883Z [32minfo[39m: API Gateway is running on port 3000
2025-05-12T07:50:15.885Z [32minfo[39m: Identity is running on port http://localhost:3001
2025-05-12T07:50:15.886Z [32minfo[39m: Post is running on port http://localhost:3002
2025-05-12T07:50:15.886Z [32minfo[39m: Redis is running on port redis://localhost:6379
2025-05-12T07:56:42.416Z [32minfo[39m: API Gateway is running on port 3000
2025-05-12T07:56:42.418Z [32minfo[39m: Identity is running on port http://localhost:3001
2025-05-12T07:56:42.419Z [32minfo[39m: Post is running on port http://localhost:3002
2025-05-12T07:56:42.419Z [32minfo[39m: Redis is running on port redis://localhost:6379
2025-05-12T07:57:03.958Z [32minfo[39m: API Gateway is running on port 3000
2025-05-12T07:57:03.961Z [32minfo[39m: Identity is running on port http://localhost:3001
2025-05-12T07:57:03.961Z [32minfo[39m: Post is running on port http://localhost:3002
2025-05-12T07:57:03.962Z [32minfo[39m: Redis is running on port redis://localhost:6379
2025-05-12T08:02:35.609Z [32minfo[39m: API Gateway is running on port 3000
2025-05-12T08:02:35.612Z [32minfo[39m: Identity is running on port http://localhost:3001
2025-05-12T08:02:35.613Z [32minfo[39m: Post is running on port http://localhost:3002
2025-05-12T08:02:35.613Z [32minfo[39m: Redis is running on port redis://localhost:6379
2025-05-12T08:02:56.799Z [32minfo[39m: API Gateway is running on port 3000
2025-05-12T08:02:56.802Z [32minfo[39m: Identity is running on port http://localhost:3001
2025-05-12T08:02:56.803Z [32minfo[39m: Post is running on port http://localhost:3002
2025-05-12T08:02:56.803Z [32minfo[39m: Redis is running on port redis://localhost:6379
2025-05-12T08:03:01.527Z [32minfo[39m: API Gateway is running on port 3000
2025-05-12T08:03:01.530Z [32minfo[39m: Identity is running on port http://localhost:3001
2025-05-12T08:03:01.530Z [32minfo[39m: Post is running on port http://localhost:3002
2025-05-12T08:03:01.531Z [32minfo[39m: Redis is running on port redis://localhost:6379
2025-05-12T08:03:23.925Z [32minfo[39m: API Gateway is running on port 3000
2025-05-12T08:03:23.928Z [32minfo[39m: Identity is running on port http://localhost:3001
2025-05-12T08:03:23.928Z [32minfo[39m: Post is running on port http://localhost:3002
2025-05-12T08:03:23.928Z [32minfo[39m: Redis is running on port redis://localhost:6379
2025-05-12T08:03:38.984Z [32minfo[39m: Recieved GET to /api/posts/create-post
2025-05-12T08:03:38.985Z [32minfo[39m: Request body: [object Object]
2025-05-12T08:03:51.766Z [32minfo[39m: API Gateway is running on port 3000
2025-05-12T08:03:51.770Z [32minfo[39m: Identity is running on port http://localhost:3001
2025-05-12T08:03:51.770Z [32minfo[39m: Post is running on port http://localhost:3002
2025-05-12T08:03:51.770Z [32minfo[39m: Redis is running on port redis://localhost:6379
2025-05-12T08:03:53.388Z [32minfo[39m: Recieved GET to /api/posts/create-post
2025-05-12T08:03:53.388Z [32minfo[39m: Request body: [object Object]
2025-05-12T08:04:08.202Z [32minfo[39m: Recieved GET to /api/posts/create-post
2025-05-12T08:04:08.203Z [32minfo[39m: Request body: [object Object]
2025-05-12T08:05:21.361Z [32minfo[39m: Recieved GET to /api/posts/create-post
2025-05-12T08:05:21.361Z [32minfo[39m: Request body: [object Object]
2025-05-12T08:05:59.946Z [32minfo[39m: Recieved POST to /api/posts/create-post
2025-05-12T08:05:59.946Z [32minfo[39m: Request body: [object Object]
2025-05-12T08:06:42.286Z [32minfo[39m: Recieved POST to /api/posts/create-post
2025-05-12T08:06:42.286Z [32minfo[39m: Request body: [object Object]
2025-05-12T08:07:48.746Z [32minfo[39m: Recieved POST to /api/auth/login
2025-05-12T08:07:48.747Z [32minfo[39m: Request body: [object Object]
2025-05-12T08:08:25.225Z [32minfo[39m: Recieved POST to /v1/posts/create-post
2025-05-12T08:08:25.225Z [32minfo[39m: Request body: [object Object]
2025-05-12T08:08:25.229Z [31merror[39m: Proxy error: Cannot read properties of undefined (reading 'toString')
2025-05-12T08:08:35.880Z [32minfo[39m: Recieved POST to /v1/posts/create-post
2025-05-12T08:08:35.881Z [32minfo[39m: Request body: [object Object]
2025-05-12T08:08:35.882Z [31merror[39m: Proxy error: Cannot read properties of undefined (reading 'toString')
2025-05-12T08:08:39.756Z [32minfo[39m: API Gateway is running on port 3000
2025-05-12T08:08:39.758Z [32minfo[39m: Identity is running on port http://localhost:3001
2025-05-12T08:08:39.759Z [32minfo[39m: Post is running on port http://localhost:3002
2025-05-12T08:08:39.759Z [32minfo[39m: Redis is running on port redis://localhost:6379
2025-05-12T08:08:41.572Z [32minfo[39m: Recieved POST to /v1/posts/create-post
2025-05-12T08:08:41.572Z [32minfo[39m: Request body: [object Object]
2025-05-12T08:08:41.583Z [31merror[39m: Proxy error: Invalid value "undefined" for header "x-user-id"
2025-05-12T08:08:46.379Z [32minfo[39m: API Gateway is running on port 3000
2025-05-12T08:08:46.382Z [32minfo[39m: Identity is running on port http://localhost:3001
2025-05-12T08:08:46.382Z [32minfo[39m: Post is running on port http://localhost:3002
2025-05-12T08:08:46.382Z [32minfo[39m: Redis is running on port redis://localhost:6379
2025-05-12T08:08:47.083Z [32minfo[39m: Recieved POST to /v1/posts/create-post
2025-05-12T08:08:47.083Z [32minfo[39m: Request body: [object Object]
2025-05-12T08:08:47.087Z [31merror[39m: Proxy error: Cannot read properties of undefined (reading 'toString')
2025-05-12T08:09:54.880Z [32minfo[39m: Recieved POST to /v1/posts/create-post
2025-05-12T08:09:54.880Z [32minfo[39m: Request body: [object Object]
2025-05-12T08:09:54.882Z [31merror[39m: Proxy error: Cannot read properties of undefined (reading 'toString')
2025-05-12T08:09:57.702Z [32minfo[39m: Recieved POST to /v1/posts/create-post
2025-05-12T08:09:57.703Z [32minfo[39m: Request body: [object Object]
2025-05-12T08:09:57.704Z [31merror[39m: Proxy error: Cannot read properties of undefined (reading 'toString')
2025-05-12T08:13:02.791Z [32minfo[39m: API Gateway is running on port 3000
2025-05-12T08:13:02.794Z [32minfo[39m: Identity is running on port http://localhost:3001
2025-05-12T08:13:02.794Z [32minfo[39m: Post is running on port http://localhost:3002
2025-05-12T08:13:02.795Z [32minfo[39m: Redis is running on port redis://localhost:6379
2025-05-12T08:14:26.929Z [32minfo[39m: API Gateway is running on port 3000
2025-05-12T08:14:26.932Z [32minfo[39m: Identity is running on port http://localhost:3001
2025-05-12T08:14:26.933Z [32minfo[39m: Post is running on port http://localhost:3002
2025-05-12T08:14:26.933Z [32minfo[39m: Redis is running on port redis://localhost:6379
2025-05-12T08:14:29.253Z [32minfo[39m: Recieved POST to /v1/posts/create-post
2025-05-12T08:14:29.253Z [32minfo[39m: Request body: [object Object]
2025-05-12T08:14:29.256Z [31merror[39m: jwt expired
2025-05-12T08:14:54.094Z [32minfo[39m: Recieved POST to /v1/posts/create-post
2025-05-12T08:14:54.094Z [32minfo[39m: Request body: [object Object]
2025-05-12T08:14:54.097Z [31merror[39m: User not authenticated, missing req.user in proxyReqOptDecorator
2025-05-12T08:14:54.098Z [31merror[39m: Proxy error: User not authenticated
2025-05-12T08:16:14.045Z [32minfo[39m: Recieved POST to /v1/posts/create-post
2025-05-12T08:16:14.045Z [32minfo[39m: Request body: [object Object]
2025-05-12T08:16:14.046Z [31merror[39m: User not authenticated, missing req.user in proxyReqOptDecorator
2025-05-12T08:16:14.047Z [31merror[39m: Proxy error: User not authenticated
2025-05-12T08:17:18.929Z [32minfo[39m: API Gateway is running on port 3000
2025-05-12T08:17:18.932Z [32minfo[39m: Identity is running on port http://localhost:3001
2025-05-12T08:17:18.932Z [32minfo[39m: Post is running on port http://localhost:3002
2025-05-12T08:17:18.932Z [32minfo[39m: Redis is running on port redis://localhost:6379
2025-05-12T08:17:22.973Z [32minfo[39m: Recieved POST to /v1/posts/create-post
2025-05-12T08:17:22.974Z [32minfo[39m: Request body: [object Object]
2025-05-12T08:17:22.997Z [32minfo[39m: Response received from Post service: 500
2025-05-12T08:17:39.491Z [32minfo[39m: Recieved POST to /v1/posts/create-post
2025-05-12T08:17:39.491Z [32minfo[39m: Request body: [object Object]
2025-05-12T08:17:39.497Z [32minfo[39m: Response received from Post service: 500
2025-05-12T08:21:10.898Z [32minfo[39m: Recieved POST to /v1/posts/create-post
2025-05-12T08:21:10.899Z [32minfo[39m: Request body: [object Object]
2025-05-12T08:21:10.917Z [32minfo[39m: Response received from Post service: 500
2025-05-12T08:23:07.908Z [32minfo[39m: API Gateway is running on port 3000
2025-05-12T08:23:07.910Z [32minfo[39m: Identity is running on port http://localhost:3001
2025-05-12T08:23:07.911Z [32minfo[39m: Post is running on port http://localhost:3002
2025-05-12T08:23:07.911Z [32minfo[39m: Redis is running on port redis://localhost:6379
2025-05-12T08:23:14.136Z [32minfo[39m: Recieved POST to /v1/posts/create-post
2025-05-12T08:23:14.137Z [32minfo[39m: Request body: [object Object]
2025-05-12T08:23:14.159Z [32minfo[39m: Response received from Post service: 500
2025-05-12T08:23:48.566Z [32minfo[39m: Recieved POST to /v1/posts/create-post
2025-05-12T08:23:48.567Z [32minfo[39m: Request body: [object Object]
2025-05-12T08:23:48.585Z [32minfo[39m: Response received from Post service: 500
2025-05-12T08:24:49.387Z [32minfo[39m: Recieved POST to /v1/posts/create-post
2025-05-12T08:24:49.387Z [32minfo[39m: Request body: [object Object]
2025-05-12T08:24:49.409Z [32minfo[39m: Response received from Post service: 500
2025-05-12T08:25:01.613Z [32minfo[39m: Recieved POST to /v1/posts/create-post
2025-05-12T08:25:01.613Z [32minfo[39m: Request body: [object Object]
2025-05-12T08:25:01.620Z [32minfo[39m: Response received from Post service: 500
2025-05-12T08:25:45.883Z [32minfo[39m: Recieved POST to /v1/posts/create-post
2025-05-12T08:25:45.884Z [32minfo[39m: Request body: [object Object]
2025-05-12T08:25:45.905Z [32minfo[39m: Response received from Post service: 500
2025-05-12T08:25:58.440Z [32minfo[39m: Recieved POST to /v1/posts/create-post
2025-05-12T08:25:58.441Z [32minfo[39m: Request body: [object Object]
2025-05-12T08:25:58.469Z [32minfo[39m: Response received from Post service: 500
2025-05-12T08:26:49.082Z [32minfo[39m: Recieved POST to /v1/posts/create-post
2025-05-12T08:26:49.083Z [32minfo[39m: Request body: [object Object]
2025-05-12T08:26:49.110Z [32minfo[39m: Response received from Post service: 500
2025-05-12T08:28:33.443Z [32minfo[39m: Recieved POST to /v1/posts/create-post
2025-05-12T08:28:33.444Z [32minfo[39m: Request body: [object Object]
2025-05-12T08:28:39.464Z [32minfo[39m: Response received from Post service: 201
2025-05-12T09:01:12.750Z [32minfo[39m: API Gateway is running on port 3000
2025-05-12T09:01:12.753Z [32minfo[39m: Identity is running on port http://localhost:3001
2025-05-12T09:01:12.754Z [32minfo[39m: Post is running on port http://localhost:3002
2025-05-12T09:01:12.754Z [32minfo[39m: Redis is running on port redis://localhost:6379
2025-05-12T09:01:38.932Z [32minfo[39m: API Gateway is running on port 3000
2025-05-12T09:01:38.934Z [32minfo[39m: Identity is running on port http://localhost:3001
2025-05-12T09:01:38.935Z [32minfo[39m: Post is running on port http://localhost:3002
2025-05-12T09:01:38.935Z [32minfo[39m: Redis is running on port redis://localhost:6379
2025-05-12T09:03:15.856Z [32minfo[39m: Recieved POST to /v1/posts/create-post
2025-05-12T09:03:15.857Z [32minfo[39m: Request body: [object Object]
2025-05-12T09:03:15.890Z [32minfo[39m: Response received from Post service: 500
2025-05-12T09:03:51.008Z [32minfo[39m: API Gateway is running on port 3000
2025-05-12T09:03:51.011Z [32minfo[39m: Identity is running on port http://localhost:3001
2025-05-12T09:03:51.011Z [32minfo[39m: Post is running on port http://localhost:3002
2025-05-12T09:03:51.011Z [32minfo[39m: Redis is running on port redis://localhost:6379
2025-05-12T09:03:55.083Z [32minfo[39m: Recieved POST to /v1/posts/create-post
2025-05-12T09:03:55.083Z [32minfo[39m: Request body: [object Object]
2025-05-12T09:03:55.116Z [32minfo[39m: Response received from Post service: 500
2025-05-12T09:04:14.046Z [32minfo[39m: API Gateway is running on port 3000
2025-05-12T09:04:14.049Z [32minfo[39m: Identity is running on port http://localhost:3001
2025-05-12T09:04:14.049Z [32minfo[39m: Post is running on port http://localhost:3002
2025-05-12T09:04:14.050Z [32minfo[39m: Redis is running on port redis://localhost:6379
2025-05-12T09:04:22.969Z [32minfo[39m: API Gateway is running on port 3000
2025-05-12T09:04:22.972Z [32minfo[39m: Identity is running on port http://localhost:3001
2025-05-12T09:04:22.972Z [32minfo[39m: Post is running on port http://localhost:3002
2025-05-12T09:04:22.973Z [32minfo[39m: Redis is running on port redis://localhost:6379
2025-05-12T09:04:27.172Z [32minfo[39m: Recieved POST to /v1/posts/create-post
2025-05-12T09:04:27.172Z [32minfo[39m: Request body: [object Object]
2025-05-12T09:04:27.185Z [32minfo[39m: Response received from Post service: 500
2025-05-12T09:05:19.269Z [32minfo[39m: API Gateway is running on port 3000
2025-05-12T09:05:19.271Z [32minfo[39m: Identity is running on port http://localhost:3001
2025-05-12T09:05:19.272Z [32minfo[39m: Post is running on port http://localhost:3002
2025-05-12T09:05:19.272Z [32minfo[39m: Redis is running on port redis://localhost:6379
2025-05-12T09:05:20.898Z [32minfo[39m: Recieved POST to /v1/posts/create-post
2025-05-12T09:05:20.898Z [32minfo[39m: Request body: [object Object]
2025-05-12T09:05:20.910Z [32minfo[39m: Response received from Post service: 500
2025-05-12T09:05:42.921Z [32minfo[39m: Recieved POST to /v1/posts/create-post
2025-05-12T09:05:42.921Z [32minfo[39m: Request body: [object Object]
2025-05-12T09:05:42.929Z [32minfo[39m: Response received from Post service: 500
2025-05-12T09:09:05.642Z [32minfo[39m: API Gateway is running on port 3000
2025-05-12T09:09:05.645Z [32minfo[39m: Identity is running on port http://localhost:3001
2025-05-12T09:09:05.645Z [32minfo[39m: Post is running on port http://localhost:3002
2025-05-12T09:09:05.645Z [32minfo[39m: Redis is running on port redis://localhost:6379
2025-05-12T09:09:07.739Z [32minfo[39m: Recieved POST to /v1/posts/create-post
2025-05-12T09:09:07.740Z [32minfo[39m: Request body: [object Object]
2025-05-12T09:09:07.753Z [32minfo[39m: Response received from Post service: 500
2025-05-12T09:09:51.544Z [32minfo[39m: Recieved POST to /v1/posts/create-post
2025-05-12T09:09:51.545Z [32minfo[39m: Request body: [object Object]
2025-05-12T09:09:53.217Z [32minfo[39m: Response received from Post service: 201
2025-05-13T11:13:51.658Z [32minfo[39m: Recieved GET to /v1/posts/posts
2025-05-13T11:13:51.659Z [32minfo[39m: Request body: [object Object]
2025-05-13T11:13:51.663Z [31merror[39m: jwt expired
2025-05-13T11:14:03.726Z [32minfo[39m: Recieved GET to /v1/posts/posts
2025-05-13T11:14:03.726Z [32minfo[39m: Request body: undefined
2025-05-13T11:14:03.728Z [31merror[39m: jwt expired
2025-05-13T11:14:34.340Z [32minfo[39m: Recieved GET to /v1/posts/all-posts
2025-05-13T11:14:34.340Z [32minfo[39m: Request body: undefined
2025-05-13T11:14:34.711Z [32minfo[39m: Response received from Post service: 200
2025-05-13T11:22:00.568Z [32minfo[39m: Recieved GET to /v1/posts/create-post
2025-05-13T11:22:00.568Z [32minfo[39m: Request body: [object Object]
2025-05-13T11:22:00.586Z [32minfo[39m: Response received from Post service: 404
2025-05-13T11:22:04.056Z [32minfo[39m: Recieved POST to /v1/posts/create-post
2025-05-13T11:22:04.056Z [32minfo[39m: Request body: [object Object]
2025-05-13T11:22:04.290Z [32minfo[39m: Response received from Post service: 201
2025-05-13T11:22:18.109Z [31merror[39m: SyntaxError: Unexpected end of JSON input
    at JSON.parse (<anonymous>)
    at createStrictSyntaxError (D:\Social-Media-Microservice\api-gateway\node_modules\body-parser\lib\types\json.js:156:10)
    at parse (D:\Social-Media-Microservice\api-gateway\node_modules\body-parser\lib\types\json.js:71:15)
    at D:\Social-Media-Microservice\api-gateway\node_modules\body-parser\lib\read.js:123:18
    at AsyncResource.runInAsyncScope (node:async_hooks:206:9)
    at invokeCallback (D:\Social-Media-Microservice\api-gateway\node_modules\raw-body\index.js:238:16)
    at done (D:\Social-Media-Microservice\api-gateway\node_modules\raw-body\index.js:227:7)
    at IncomingMessage.onEnd (D:\Social-Media-Microservice\api-gateway\node_modules\raw-body\index.js:287:7)
    at IncomingMessage.emit (node:events:519:28)
    at endReadableNT (node:internal/streams/readable:1696:12)
2025-05-13T11:22:28.587Z [32minfo[39m: Recieved GET to /v1/posts/all-posts
2025-05-13T11:22:28.587Z [32minfo[39m: Request body: undefined
2025-05-13T11:22:28.884Z [32minfo[39m: Response received from Post service: 200
2025-05-13T11:22:32.086Z [32minfo[39m: Recieved GET to /v1/posts/all-posts
2025-05-13T11:22:32.086Z [32minfo[39m: Request body: undefined
2025-05-13T11:22:32.092Z [32minfo[39m: Response received from Post service: 200
2025-05-13T11:22:33.819Z [32minfo[39m: Recieved GET to /v1/posts/all-posts
2025-05-13T11:22:33.820Z [32minfo[39m: Request body: undefined
2025-05-13T11:22:33.825Z [32minfo[39m: Response received from Post service: 200
2025-05-13T12:18:18.795Z [32minfo[39m: Recieved GET to /v1/posts/68232b5cd94186d0b0e7d167
2025-05-13T12:18:18.795Z [32minfo[39m: Request body: undefined
2025-05-13T12:18:18.796Z [31merror[39m: No token provided
2025-05-13T12:18:30.119Z [32minfo[39m: Recieved GET to /v1/posts/68232b5cd94186d0b0e7d167
2025-05-13T12:18:30.119Z [32minfo[39m: Request body: undefined
2025-05-13T12:18:30.120Z [31merror[39m: jwt expired
2025-05-13T12:18:41.617Z [32minfo[39m: Recieved GET to /v1/posts/68232b5cd94186d0b0e7d167
2025-05-13T12:18:41.618Z [32minfo[39m: Request body: undefined
2025-05-13T12:18:41.822Z [32minfo[39m: Response received from Post service: 200
2025-05-13T12:40:39.508Z [32minfo[39m: Recieved DELETE to /v1/posts/68232b5cd94186d0b0e7d167
2025-05-13T12:40:39.509Z [32minfo[39m: Request body: undefined
2025-05-13T12:40:39.847Z [32minfo[39m: Response received from Post service: 500
2025-05-13T12:41:32.188Z [32minfo[39m: Recieved DELETE to /v1/posts/6821b131bc799f63a3b34189
2025-05-13T12:41:32.188Z [32minfo[39m: Request body: undefined
2025-05-13T12:41:32.339Z [32minfo[39m: Response received from Post service: 500
2025-05-13T12:41:43.838Z [32minfo[39m: Recieved DELETE to /v1/posts/6821b131bc799f63a3b34189
2025-05-13T12:41:43.838Z [32minfo[39m: Request body: undefined
2025-05-13T12:41:45.491Z [32minfo[39m: Response received from Post service: 404
2025-05-13T12:41:49.139Z [32minfo[39m: Recieved DELETE to /v1/posts/6821b131bc799f63a3b34189
2025-05-13T12:41:49.139Z [32minfo[39m: Request body: undefined
2025-05-13T12:41:49.523Z [32minfo[39m: Response received from Post service: 404
2025-05-13T12:42:18.690Z [32minfo[39m: Recieved DELETE to /v1/posts/68232b5cd94186d0b0e7d167
2025-05-13T12:42:18.691Z [32minfo[39m: Request body: undefined
2025-05-13T12:42:18.859Z [32minfo[39m: Response received from Post service: 404
2025-05-13T12:42:27.594Z [32minfo[39m: Recieved DELETE to /v1/posts/68232b5cd94186d0b0e7d167
2025-05-13T12:42:27.594Z [32minfo[39m: Request body: undefined
2025-05-13T12:42:27.595Z [31merror[39m: No token provided
2025-05-13T12:42:30.122Z [32minfo[39m: Recieved DELETE to /v1/posts/68232b5cd94186d0b0e7d167
2025-05-13T12:42:30.122Z [32minfo[39m: Request body: undefined
2025-05-13T12:42:30.123Z [31merror[39m: jwt malformed
2025-05-13T12:42:37.227Z [32minfo[39m: Recieved DELETE to /v1/posts/68232b5cd94186d0b0e7d167
2025-05-13T12:42:37.227Z [32minfo[39m: Request body: undefined
2025-05-13T12:42:37.227Z [31merror[39m: jwt malformed
2025-05-13T12:42:54.252Z [32minfo[39m: Recieved DELETE to /v1/posts/68232b5cd94186d0b0e7d167
2025-05-13T12:42:54.253Z [32minfo[39m: Request body: undefined
2025-05-13T12:42:54.685Z [32minfo[39m: Response received from Post service: 404
2025-05-13T12:43:29.832Z [32minfo[39m: Recieved GET to /v1/posts/all-posts
2025-05-13T12:43:29.833Z [32minfo[39m: Request body: undefined
2025-05-13T12:43:29.834Z [31merror[39m: jwt expired
2025-05-13T12:43:35.906Z [32minfo[39m: Recieved GET to /v1/posts/all-posts
2025-05-13T12:43:35.907Z [32minfo[39m: Request body: undefined
2025-05-13T12:43:36.203Z [32minfo[39m: Response received from Post service: 200
2025-05-13T12:43:47.903Z [32minfo[39m: Recieved DELETE to /v1/posts/6821badf4522e336355c40a8
2025-05-13T12:43:47.903Z [32minfo[39m: Request body: undefined
2025-05-13T12:43:48.271Z [32minfo[39m: Response received from Post service: 500
2025-05-13T12:43:51.237Z [32minfo[39m: Recieved GET to /v1/posts/all-posts
2025-05-13T12:43:51.237Z [32minfo[39m: Request body: undefined
2025-05-13T12:43:51.242Z [32minfo[39m: Response received from Post service: 200
2025-05-13T12:44:11.366Z [32minfo[39m: Recieved DELETE to /v1/posts/6821badf4522e336355c40a8
2025-05-13T12:44:11.366Z [32minfo[39m: Request body: undefined
2025-05-13T12:44:11.643Z [32minfo[39m: Response received from Post service: 404
2025-05-13T12:44:15.285Z [32minfo[39m: Recieved GET to /v1/posts/all-posts
2025-05-13T12:44:15.286Z [32minfo[39m: Request body: undefined
2025-05-13T12:44:15.291Z [32minfo[39m: Response received from Post service: 200
2025-05-13T12:44:18.885Z [32minfo[39m: Recieved GET to /v1/posts/all-posts
2025-05-13T12:44:18.886Z [32minfo[39m: Request body: undefined
2025-05-13T12:44:18.891Z [32minfo[39m: Response received from Post service: 200
2025-05-13T12:44:54.327Z [32minfo[39m: Recieved POST to /v1/posts/create-post
2025-05-13T12:44:54.327Z [32minfo[39m: Request body: [object Object]
2025-05-13T12:44:54.328Z [31merror[39m: jwt malformed
2025-05-13T12:45:02.600Z [32minfo[39m: Recieved POST to /v1/posts/create-post
2025-05-13T12:45:02.601Z [32minfo[39m: Request body: [object Object]
2025-05-13T12:45:03.303Z [32minfo[39m: Response received from Post service: 500
2025-05-13T12:45:25.698Z [32minfo[39m: Recieved POST to /v1/posts/create-post
2025-05-13T12:45:25.698Z [32minfo[39m: Request body: [object Object]
2025-05-13T12:45:27.427Z [32minfo[39m: Response received from Post service: 201
2025-05-13T12:45:35.570Z [32minfo[39m: Recieved DELETE to /v1/posts/68233ee5a42aa1c31c6e8ec7
2025-05-13T12:45:35.570Z [32minfo[39m: Request body: undefined
2025-05-13T12:45:35.811Z [32minfo[39m: Response received from Post service: 200
2025-05-13T12:45:38.750Z [32minfo[39m: Recieved GET to /v1/posts/all-posts
2025-05-13T12:45:38.750Z [32minfo[39m: Request body: undefined
2025-05-13T12:45:39.353Z [32minfo[39m: Response received from Post service: 200
2025-05-13T12:45:45.083Z [32minfo[39m: Recieved DELETE to /v1/posts/68233ecee1169d68298d810e
2025-05-13T12:45:45.083Z [32minfo[39m: Request body: undefined
2025-05-13T12:45:45.391Z [32minfo[39m: Response received from Post service: 200
2025-05-13T12:45:47.224Z [32minfo[39m: Recieved GET to /v1/posts/all-posts
2025-05-13T12:45:47.224Z [32minfo[39m: Request body: undefined
2025-05-13T12:45:47.535Z [32minfo[39m: Response received from Post service: 200
2025-05-14T10:58:27.355Z [32minfo[39m: API Gateway is running on port 3000
2025-05-14T10:58:27.358Z [32minfo[39m: Identity is running on port http://localhost:3001
2025-05-14T10:58:27.358Z [32minfo[39m: Post is running on port http://localhost:3002
2025-05-14T10:58:27.358Z [32minfo[39m: Redis is running on port redis://localhost:6379
2025-05-14T10:58:57.315Z [32minfo[39m: API Gateway is running on port 3000
2025-05-14T10:58:57.318Z [32minfo[39m: Identity is running on port http://localhost:3001
2025-05-14T10:58:57.318Z [32minfo[39m: Post is running on port http://localhost:3002
2025-05-14T10:58:57.318Z [32minfo[39m: Media is running on port http://localhost:3003
2025-05-14T10:58:57.319Z [32minfo[39m: Redis is running on port redis://localhost:6379
2025-05-14T11:01:28.501Z [32minfo[39m: Recieved POST to /v1/mdeia/upload
2025-05-14T11:01:28.501Z [32minfo[39m: Request body: undefined
2025-05-14T11:01:32.536Z [32minfo[39m: Recieved POST to /v1/media/upload
2025-05-14T11:01:32.537Z [32minfo[39m: Request body: undefined
2025-05-14T11:01:32.537Z [31merror[39m: No token provided
2025-05-14T11:01:46.336Z [32minfo[39m: Recieved POST to /v1/media/upload
2025-05-14T11:01:46.337Z [32minfo[39m: Request body: undefined
2025-05-14T11:01:46.340Z [31merror[39m: Proxy error: Cannot read properties of undefined (reading 'content-type')
2025-05-14T11:02:42.514Z [32minfo[39m: Recieved POST to /v1/media/upload
2025-05-14T11:02:42.514Z [32minfo[39m: Request body: undefined
2025-05-14T11:02:42.516Z [31merror[39m: Proxy error: Cannot read properties of undefined (reading 'content-type')
2025-05-14T11:04:05.359Z [32minfo[39m: API Gateway is running on port 3000
2025-05-14T11:04:05.362Z [32minfo[39m: Identity is running on port http://localhost:3001
2025-05-14T11:04:05.362Z [32minfo[39m: Post is running on port http://localhost:3002
2025-05-14T11:04:05.362Z [32minfo[39m: Media is running on port http://localhost:3003
2025-05-14T11:04:05.362Z [32minfo[39m: Redis is running on port redis://localhost:6379
2025-05-14T11:04:07.395Z [32minfo[39m: Recieved POST to /v1/media/upload
2025-05-14T11:04:07.395Z [32minfo[39m: Request body: undefined
2025-05-14T11:04:29.618Z [32minfo[39m: Recieved POST to /v1/media/upload
2025-05-14T11:04:29.619Z [32minfo[39m: Request body: undefined
2025-05-14T11:05:02.901Z [32minfo[39m: Recieved POST to /v1/media/upload
2025-05-14T11:05:02.901Z [32minfo[39m: Request body: undefined
2025-05-18T07:57:39.538Z [32minfo[39m: API Gateway is running on port 3000
2025-05-18T07:57:39.541Z [32minfo[39m: Identity is running on port http://localhost:3001
2025-05-18T07:57:39.541Z [32minfo[39m: Post is running on port http://localhost:3002
2025-05-18T07:57:39.541Z [32minfo[39m: Media is running on port http://localhost:3003
2025-05-18T07:57:39.542Z [32minfo[39m: Redis is running on port redis://localhost:6379
2025-05-18T08:03:03.835Z [32minfo[39m: Recieved GET to /v1/media/get
2025-05-18T08:03:03.837Z [32minfo[39m: Request body: undefined
2025-05-18T08:03:03.837Z [31merror[39m: No token provided
2025-05-18T08:03:18.497Z [32minfo[39m: Recieved GET to /v1/media/get
2025-05-18T08:03:18.497Z [32minfo[39m: Request body: undefined
2025-05-18T08:03:18.502Z [31merror[39m: Proxy error: Cannot read properties of undefined (reading 'startsWith')
2025-05-18T08:03:55.781Z [32minfo[39m: Recieved GET to /v1/media/get
2025-05-18T08:03:55.782Z [32minfo[39m: Request body: undefined
2025-05-18T08:04:48.374Z [32minfo[39m: Recieved POST to /v1/media/upload
2025-05-18T08:04:48.375Z [32minfo[39m: Request body: undefined
2025-05-18T08:05:19.967Z [32minfo[39m: Recieved GET to /v1/media/get
2025-05-18T08:05:19.967Z [32minfo[39m: Request body: undefined
2025-05-18T08:05:35.997Z [32minfo[39m: Recieved GET to /v1/media/get
2025-05-18T08:05:35.997Z [32minfo[39m: Request body: undefined
2025-05-18T08:06:40.493Z [32minfo[39m: Recieved GET to /v1/media/get
2025-05-18T08:06:40.493Z [32minfo[39m: Request body: undefined
2025-05-18T08:44:01.379Z [31merror[39m: Proxy error: read ECONNRESET
2025-05-18T08:44:01.381Z [31merror[39m: Proxy error: read ECONNRESET
2025-05-18T08:44:01.382Z [31merror[39m: Proxy error: read ECONNRESET
2025-05-18T08:44:01.383Z [31merror[39m: Proxy error: read ECONNRESET
2025-05-18T08:48:21.953Z [32minfo[39m: Recieved GET to /v1/media/get
2025-05-18T08:48:21.953Z [32minfo[39m: Request body: undefined
2025-05-18T08:49:07.848Z [32minfo[39m: Recieved GET to /v1/media/get
2025-05-18T08:49:07.848Z [32minfo[39m: Request body: undefined
2025-05-18T08:49:22.040Z [32minfo[39m: Recieved GET to /v1/posts/all-posts
2025-05-18T08:49:22.040Z [32minfo[39m: Request body: undefined
2025-05-18T08:49:22.042Z [31merror[39m: jwt expired
2025-05-18T08:49:35.745Z [32minfo[39m: Recieved GET to /v1/posts/all-posts
2025-05-18T08:49:35.745Z [32minfo[39m: Request body: undefined
2025-05-18T08:49:36.802Z [32minfo[39m: Response received from Post service: 200
2025-05-18T08:49:57.816Z [32minfo[39m: Recieved POST to /v1/posts/create-post
2025-05-18T08:49:57.817Z [32minfo[39m: Request body: [object Object]
2025-05-18T08:49:58.118Z [32minfo[39m: Response received from Post service: 201
2025-05-18T08:50:04.449Z [32minfo[39m: Recieved GET to /v1/posts/all-posts
2025-05-18T08:50:04.449Z [32minfo[39m: Request body: undefined
2025-05-18T08:50:04.995Z [32minfo[39m: Response received from Post service: 200
2025-05-18T08:50:17.571Z [32minfo[39m: Recieved POST to /v1/media/upload
2025-05-18T08:50:17.571Z [32minfo[39m: Request body: undefined
2025-05-18T08:50:28.762Z [32minfo[39m: Recieved GET to /v1/media/get
2025-05-18T08:50:28.762Z [32minfo[39m: Request body: undefined
2025-05-18T08:52:00.018Z [32minfo[39m: Recieved POST to /v1/posts/create-post
2025-05-18T08:52:00.018Z [32minfo[39m: Request body: [object Object]
2025-05-18T08:52:00.587Z [32minfo[39m: Response received from Post service: 201
2025-05-18T08:52:09.018Z [32minfo[39m: Recieved GET to /v1/posts/all-posts
2025-05-18T08:52:09.018Z [32minfo[39m: Request body: undefined
2025-05-18T08:52:09.659Z [32minfo[39m: Response received from Post service: 200
2025-05-18T08:52:44.010Z [32minfo[39m: Recieved DELETE to /v1/posts/681b05e5ea5816112e900a0d
2025-05-18T08:52:44.010Z [32minfo[39m: Request body: undefined
2025-05-18T08:52:44.599Z [32minfo[39m: Response received from Post service: 404
2025-05-18T08:52:57.542Z [32minfo[39m: Recieved DELETE to /v1/posts/68299fb0d62c47011731b261
2025-05-18T08:52:57.542Z [32minfo[39m: Request body: undefined
2025-05-18T08:52:58.419Z [32minfo[39m: Response received from Post service: 200
2025-05-18T08:59:32.494Z [32minfo[39m: Recieved GET to /v1/posts/all-posts
2025-05-18T08:59:32.494Z [32minfo[39m: Request body: undefined
2025-05-18T08:59:32.497Z [31merror[39m: Proxy error: 
2025-05-18T08:59:55.358Z [32minfo[39m: Recieved GET to /v1/posts/all-posts
2025-05-18T08:59:55.359Z [32minfo[39m: Request body: undefined
2025-05-18T08:59:55.654Z [32minfo[39m: Response received from Post service: 200
2025-05-18T09:00:01.641Z [32minfo[39m: Recieved POST to /v1/posts/create-post
2025-05-18T09:00:01.641Z [32minfo[39m: Request body: [object Object]
2025-05-18T09:00:01.807Z [32minfo[39m: Response received from Post service: 201
2025-05-18T09:00:04.724Z [32minfo[39m: Recieved GET to /v1/posts/all-posts
2025-05-18T09:00:04.724Z [32minfo[39m: Request body: undefined
2025-05-18T09:00:05.012Z [32minfo[39m: Response received from Post service: 200
2025-05-18T09:00:32.709Z [32minfo[39m: Recieved DELETE to /v1/posts/6829a1917b3a71fcc3d047dc
2025-05-18T09:00:32.710Z [32minfo[39m: Request body: undefined
2025-05-18T09:00:32.920Z [32minfo[39m: Response received from Post service: 500
2025-05-18T09:07:46.390Z [32minfo[39m: Recieved DELETE to /v1/posts/6829a1917b3a71fcc3d047dc
2025-05-18T09:07:46.391Z [32minfo[39m: Request body: undefined
2025-05-18T09:07:46.561Z [32minfo[39m: Response received from Post service: 404
2025-05-18T09:07:50.696Z [32minfo[39m: Recieved GET to /v1/posts/all-posts
2025-05-18T09:07:50.696Z [32minfo[39m: Request body: undefined
2025-05-18T09:07:50.982Z [32minfo[39m: Response received from Post service: 200
2025-05-18T09:07:55.183Z [32minfo[39m: Recieved POST to /v1/posts/create-post
2025-05-18T09:07:55.183Z [32minfo[39m: Request body: [object Object]
2025-05-18T09:07:55.338Z [32minfo[39m: Response received from Post service: 201
2025-05-18T09:08:00.957Z [32minfo[39m: Recieved DELETE to /v1/posts/6829a36b714a1d67cd71bc6e
2025-05-18T09:08:00.958Z [32minfo[39m: Request body: undefined
2025-05-18T09:08:01.106Z [32minfo[39m: Response received from Post service: 200
2025-05-18T09:08:24.817Z [32minfo[39m: Recieved POST to /v1/posts/create-post
2025-05-18T09:08:24.818Z [32minfo[39m: Request body: [object Object]
2025-05-18T09:08:24.966Z [32minfo[39m: Response received from Post service: 201
2025-05-18T09:09:06.742Z [32minfo[39m: Recieved POST to /v1/media/upload
2025-05-18T09:09:06.742Z [32minfo[39m: Request body: undefined
2025-05-18T09:09:06.743Z [31merror[39m: jwt expired
2025-05-18T09:09:22.617Z [32minfo[39m: Recieved POST to /v1/media/upload
2025-05-18T09:09:22.617Z [32minfo[39m: Request body: undefined
2025-05-18T09:09:38.368Z [32minfo[39m: Recieved POST to /v1/posts/create-post
2025-05-18T09:09:38.368Z [32minfo[39m: Request body: [object Object]
2025-05-18T09:09:38.556Z [32minfo[39m: Response received from Post service: 201
2025-05-18T09:09:41.473Z [32minfo[39m: Recieved GET to /v1/posts/all-posts
2025-05-18T09:09:41.473Z [32minfo[39m: Request body: undefined
2025-05-18T09:09:41.786Z [32minfo[39m: Response received from Post service: 200
2025-05-18T09:10:29.033Z [31merror[39m: Proxy error: read ECONNRESET
2025-05-18T09:10:29.034Z [31merror[39m: Proxy error: read ECONNRESET
2025-05-18T09:10:29.035Z [31merror[39m: Proxy error: read ECONNRESET
2025-05-18T09:22:50.685Z [32minfo[39m: Recieved DELETE to /v1/posts/6829a3d2714a1d67cd71bc73
2025-05-18T09:22:50.685Z [32minfo[39m: Request body: undefined
2025-05-18T09:22:50.957Z [32minfo[39m: Response received from Post service: 200
2025-05-18T09:30:22.994Z [32minfo[39m: Recieved POST to /v1/media/upload
2025-05-18T09:30:22.994Z [32minfo[39m: Request body: undefined
2025-05-18T09:30:39.053Z [32minfo[39m: Recieved POST to /v1/posts/create-post
2025-05-18T09:30:39.053Z [32minfo[39m: Request body: [object Object]
2025-05-18T09:30:39.198Z [32minfo[39m: Response received from Post service: 201
2025-05-18T09:30:55.183Z [32minfo[39m: Recieved DELETE to /v1/posts/6829a8bf714a1d67cd71bc78
2025-05-18T09:30:55.184Z [32minfo[39m: Request body: undefined
2025-05-18T09:30:55.334Z [32minfo[39m: Response received from Post service: 200
2025-05-18T09:32:11.964Z [32minfo[39m: Recieved GET to /v1/posts/all-posts
2025-05-18T09:32:11.964Z [32minfo[39m: Request body: undefined
2025-05-18T09:32:12.271Z [32minfo[39m: Response received from Post service: 200
2025-05-18T09:32:19.782Z [32minfo[39m: Recieved DELETE to /v1/posts/6829a388714a1d67cd71bc71
2025-05-18T09:32:19.783Z [32minfo[39m: Request body: undefined
2025-05-18T09:32:20.406Z [32minfo[39m: Response received from Post service: 200
