2025-05-12T08:08:25.229Z [31merror[39m: Proxy error: Cannot read properties of undefined (reading 'toString')
2025-05-12T08:08:35.882Z [31merror[39m: Proxy error: Cannot read properties of undefined (reading 'toString')
2025-05-12T08:08:41.583Z [31merror[39m: Proxy error: Invalid value "undefined" for header "x-user-id"
2025-05-12T08:08:47.087Z [31merror[39m: Proxy error: Cannot read properties of undefined (reading 'toString')
2025-05-12T08:09:54.882Z [31merror[39m: Proxy error: Cannot read properties of undefined (reading 'toString')
2025-05-12T08:09:57.704Z [31merror[39m: Proxy error: Cannot read properties of undefined (reading 'toString')
2025-05-12T08:14:29.256Z [31merror[39m: jwt expired
2025-05-12T08:14:54.097Z [31merror[39m: User not authenticated, missing req.user in proxyReqOptDecorator
2025-05-12T08:14:54.098Z [31merror[39m: Proxy error: User not authenticated
2025-05-12T08:16:14.046Z [31merror[39m: User not authenticated, missing req.user in proxyReqOptDecorator
2025-05-12T08:16:14.047Z [31merror[39m: Proxy error: User not authenticated
2025-05-13T11:13:51.663Z [31merror[39m: jwt expired
2025-05-13T11:14:03.728Z [31merror[39m: jwt expired
2025-05-13T11:22:18.109Z [31merror[39m: SyntaxError: Unexpected end of JSON input
    at JSON.parse (<anonymous>)
    at createStrictSyntaxError (D:\Social-Media-Microservice\api-gateway\node_modules\body-parser\lib\types\json.js:156:10)
    at parse (D:\Social-Media-Microservice\api-gateway\node_modules\body-parser\lib\types\json.js:71:15)
    at D:\Social-Media-Microservice\api-gateway\node_modules\body-parser\lib\read.js:123:18
    at AsyncResource.runInAsyncScope (node:async_hooks:206:9)
    at invokeCallback (D:\Social-Media-Microservice\api-gateway\node_modules\raw-body\index.js:238:16)
    at done (D:\Social-Media-Microservice\api-gateway\node_modules\raw-body\index.js:227:7)
    at IncomingMessage.onEnd (D:\Social-Media-Microservice\api-gateway\node_modules\raw-body\index.js:287:7)
    at IncomingMessage.emit (node:events:519:28)
    at endReadableNT (node:internal/streams/readable:1696:12)
2025-05-13T12:18:18.796Z [31merror[39m: No token provided
2025-05-13T12:18:30.120Z [31merror[39m: jwt expired
2025-05-13T12:42:27.595Z [31merror[39m: No token provided
2025-05-13T12:42:30.123Z [31merror[39m: jwt malformed
2025-05-13T12:42:37.227Z [31merror[39m: jwt malformed
2025-05-13T12:43:29.834Z [31merror[39m: jwt expired
2025-05-13T12:44:54.328Z [31merror[39m: jwt malformed
2025-05-14T11:01:32.537Z [31merror[39m: No token provided
2025-05-14T11:01:46.340Z [31merror[39m: Proxy error: Cannot read properties of undefined (reading 'content-type')
2025-05-14T11:02:42.516Z [31merror[39m: Proxy error: Cannot read properties of undefined (reading 'content-type')
2025-05-18T08:03:03.837Z [31merror[39m: No token provided
2025-05-18T08:03:18.502Z [31merror[39m: Proxy error: Cannot read properties of undefined (reading 'startsWith')
2025-05-18T08:44:01.379Z [31merror[39m: Proxy error: read ECONNRESET
2025-05-18T08:44:01.381Z [31merror[39m: Proxy error: read ECONNRESET
2025-05-18T08:44:01.382Z [31merror[39m: Proxy error: read ECONNRESET
2025-05-18T08:44:01.383Z [31merror[39m: Proxy error: read ECONNRESET
2025-05-18T08:49:22.042Z [31merror[39m: jwt expired
2025-05-18T08:59:32.497Z [31merror[39m: Proxy error: 
2025-05-18T09:09:06.743Z [31merror[39m: jwt expired
2025-05-18T09:10:29.033Z [31merror[39m: Proxy error: read ECONNRESET
2025-05-18T09:10:29.034Z [31merror[39m: Proxy error: read ECONNRESET
2025-05-18T09:10:29.035Z [31merror[39m: Proxy error: read ECONNRESET
