2025-05-12T08:17:22.993Z [31merror[39m: Error creating post: validateCreatePost is not a function
2025-05-12T08:17:39.496Z [31merror[39m: Error creating post: validateCreatePost is not a function
2025-05-12T08:21:10.911Z [31merror[39m: Error creating post: validateCreatePost is not a function
2025-05-12T08:23:14.156Z [31merror[39m: Error creating post: validateCreatePost is not a function
2025-05-12T08:23:48.582Z [31merror[39m: Error creating post: validateCreatePost is not a function
2025-05-12T08:24:49.406Z [31merror[39m: Error creating post: post.save is not a function
2025-05-12T08:25:01.619Z [31merror[39m: Error creating post: post.save is not a function
2025-05-12T08:25:45.898Z [31merror[39m: Error creating post: Post is not defined
2025-05-12T08:25:58.465Z [31merror[39m: Error creating post: Post validation failed: user: Path `user` is required.
2025-05-12T08:26:49.107Z [31merror[39m: Error creating post: Post validation failed: user: Path `user` is required.
2025-05-12T09:03:15.886Z [31merror[39m: Error creating post: Post validation failed: user: Cast to ObjectId failed for value "{ userId: '[object Object]' }" (type Object) at path "user" because of "BSONError"
2025-05-12T09:03:55.112Z [31merror[39m: Error creating post: Post validation failed: user: Path `user` is required.
2025-05-12T09:04:27.183Z [31merror[39m: Error creating post: Post validation failed: user: Path `user` is required.
2025-05-12T09:05:20.908Z [31merror[39m: Error creating post: Post validation failed: user: Path `user` is required.
2025-05-12T09:05:42.928Z [31merror[39m: Error creating post: Post validation failed: user: Path `user` is required.
2025-05-12T09:09:07.739Z [31merror[39m: Error creating post: Post validation failed: user: Path `user` is required.
2025-05-13T12:40:39.845Z [31merror[39m: ReferenceError: error is not defined
    at deletePost (D:\Social-Media-Microservice\post-service\src\controllers\post-controller.js:141:41)
    at process.processTicksAndRejections (node:internal/process/task_queues:95:5)
2025-05-13T12:41:32.338Z [31merror[39m: ReferenceError: error is not defined
    at deletePost (D:\Social-Media-Microservice\post-service\src\controllers\post-controller.js:141:41)
    at process.processTicksAndRejections (node:internal/process/task_queues:95:5)
2025-05-13T12:43:48.269Z [31merror[39m: Error deleting post cachedKey is not defined
2025-05-13T12:45:03.301Z [31merror[39m: Error creating post: cachedKey is not defined
