2025-05-07T06:45:01.652Z [31merror[39m: ReferenceError: looger is not defined
    at D:\Social-Media-Microservice\identity-service\src\server.js:32:3
    at Layer.handleRequest (D:\Social-Media-Microservice\identity-service\node_modules\router\lib\layer.js:152:17)
    at trimPrefix (D:\Social-Media-Microservice\identity-service\node_modules\router\index.js:342:13)
    at D:\Social-Media-Microservice\identity-service\node_modules\router\index.js:297:9
    at processParams (D:\Social-Media-Microservice\identity-service\node_modules\router\index.js:582:12)
    at next (D:\Social-Media-Microservice\identity-service\node_modules\router\index.js:291:5)
    at internalNext (D:\Social-Media-Microservice\identity-service\node_modules\helmet\index.cjs:531:6)
    at xXssProtectionMiddleware (D:\Social-Media-Microservice\identity-service\node_modules\helmet\index.cjs:311:3)
    at internalNext (D:\Social-Media-Microservice\identity-service\node_modules\helmet\index.cjs:529:6)
    at xPoweredByMiddleware (D:\Social-Media-Microservice\identity-service\node_modules\helmet\index.cjs:304:3)
2025-05-07T06:45:50.280Z [31merror[39m: ReferenceError: looger is not defined
    at D:\Social-Media-Microservice\identity-service\src\server.js:32:3
    at Layer.handleRequest (D:\Social-Media-Microservice\identity-service\node_modules\router\lib\layer.js:152:17)
    at trimPrefix (D:\Social-Media-Microservice\identity-service\node_modules\router\index.js:342:13)
    at D:\Social-Media-Microservice\identity-service\node_modules\router\index.js:297:9
    at processParams (D:\Social-Media-Microservice\identity-service\node_modules\router\index.js:582:12)
    at next (D:\Social-Media-Microservice\identity-service\node_modules\router\index.js:291:5)
    at internalNext (D:\Social-Media-Microservice\identity-service\node_modules\helmet\index.cjs:531:6)
    at xXssProtectionMiddleware (D:\Social-Media-Microservice\identity-service\node_modules\helmet\index.cjs:311:3)
    at internalNext (D:\Social-Media-Microservice\identity-service\node_modules\helmet\index.cjs:529:6)
    at xPoweredByMiddleware (D:\Social-Media-Microservice\identity-service\node_modules\helmet\index.cjs:304:3)
2025-05-07T06:46:44.043Z [31merror[39m: TypeError: Cannot read properties of undefined (reading 'validateUser')
    at registerUser (D:\Social-Media-Microservice\identity-service\src\controllers\identity-controller.js:6:26)
    at Layer.handleRequest (D:\Social-Media-Microservice\identity-service\node_modules\router\lib\layer.js:152:17)
    at next (D:\Social-Media-Microservice\identity-service\node_modules\router\lib\route.js:157:13)
    at Route.dispatch (D:\Social-Media-Microservice\identity-service\node_modules\router\lib\route.js:117:3)
    at handle (D:\Social-Media-Microservice\identity-service\node_modules\router\index.js:435:11)
    at Layer.handleRequest (D:\Social-Media-Microservice\identity-service\node_modules\router\lib\layer.js:152:17)
    at D:\Social-Media-Microservice\identity-service\node_modules\router\index.js:295:15
    at processParams (D:\Social-Media-Microservice\identity-service\node_modules\router\index.js:582:12)
    at next (D:\Social-Media-Microservice\identity-service\node_modules\router\index.js:291:5)
    at Function.handle (D:\Social-Media-Microservice\identity-service\node_modules\router\index.js:186:3)
2025-05-07T06:47:35.813Z [31merror[39m: TypeError: Cannot read properties of undefined (reading 'validateUser')
    at registerUser (D:\Social-Media-Microservice\identity-service\src\controllers\identity-controller.js:6:26)
    at Layer.handleRequest (D:\Social-Media-Microservice\identity-service\node_modules\router\lib\layer.js:152:17)
    at next (D:\Social-Media-Microservice\identity-service\node_modules\router\lib\route.js:157:13)
    at Route.dispatch (D:\Social-Media-Microservice\identity-service\node_modules\router\lib\route.js:117:3)
    at handle (D:\Social-Media-Microservice\identity-service\node_modules\router\index.js:435:11)
    at Layer.handleRequest (D:\Social-Media-Microservice\identity-service\node_modules\router\lib\layer.js:152:17)
    at D:\Social-Media-Microservice\identity-service\node_modules\router\index.js:295:15
    at processParams (D:\Social-Media-Microservice\identity-service\node_modules\router\index.js:582:12)
    at next (D:\Social-Media-Microservice\identity-service\node_modules\router\index.js:291:5)
    at Function.handle (D:\Social-Media-Microservice\identity-service\node_modules\router\index.js:186:3)
2025-05-07T06:47:49.547Z [31merror[39m: TypeError: Cannot read properties of undefined (reading 'validateUser')
    at registerUser (D:\Social-Media-Microservice\identity-service\src\controllers\identity-controller.js:6:26)
    at Layer.handleRequest (D:\Social-Media-Microservice\identity-service\node_modules\router\lib\layer.js:152:17)
    at next (D:\Social-Media-Microservice\identity-service\node_modules\router\lib\route.js:157:13)
    at Route.dispatch (D:\Social-Media-Microservice\identity-service\node_modules\router\lib\route.js:117:3)
    at handle (D:\Social-Media-Microservice\identity-service\node_modules\router\index.js:435:11)
    at Layer.handleRequest (D:\Social-Media-Microservice\identity-service\node_modules\router\lib\layer.js:152:17)
    at D:\Social-Media-Microservice\identity-service\node_modules\router\index.js:295:15
    at processParams (D:\Social-Media-Microservice\identity-service\node_modules\router\index.js:582:12)
    at next (D:\Social-Media-Microservice\identity-service\node_modules\router\index.js:291:5)
    at Function.handle (D:\Social-Media-Microservice\identity-service\node_modules\router\index.js:186:3)
2025-05-07T06:50:31.144Z [31merror[39m: TypeError: Cannot read properties of undefined (reading 'validateUser')
    at registerUser (D:\Social-Media-Microservice\identity-service\src\controllers\identity-controller.js:6:26)
    at Layer.handleRequest (D:\Social-Media-Microservice\identity-service\node_modules\router\lib\layer.js:152:17)
    at next (D:\Social-Media-Microservice\identity-service\node_modules\router\lib\route.js:157:13)
    at Route.dispatch (D:\Social-Media-Microservice\identity-service\node_modules\router\lib\route.js:117:3)
    at handle (D:\Social-Media-Microservice\identity-service\node_modules\router\index.js:435:11)
    at Layer.handleRequest (D:\Social-Media-Microservice\identity-service\node_modules\router\lib\layer.js:152:17)
    at D:\Social-Media-Microservice\identity-service\node_modules\router\index.js:295:15
    at processParams (D:\Social-Media-Microservice\identity-service\node_modules\router\index.js:582:12)
    at next (D:\Social-Media-Microservice\identity-service\node_modules\router\index.js:291:5)
    at Function.handle (D:\Social-Media-Microservice\identity-service\node_modules\router\index.js:186:3)
2025-05-07T06:57:52.619Z [31merror[39m: Registration error occured Cannot read properties of undefined (reading 'findOne')
2025-05-07T06:58:24.540Z [31merror[39m: Registration error occured Cannot read properties of undefined (reading 'findOne')
2025-05-07T06:59:11.863Z [31merror[39m: Registration error occured Cannot read properties of undefined (reading 'findOne')
2025-05-07T07:02:41.468Z [31merror[39m: Registration error occured Cannot read properties of undefined (reading 'findOne')
2025-05-07T12:18:51.760Z [31merror[39m: Login error occured validatelogin is not defined
2025-05-07T12:21:42.142Z [31merror[39m: Refresh token error occured Assignment to constant variable.
